17:57:24.913 [main] DEBUG tests.LoginTest - Browser got launched
17:57:33.183 [main] DEBUG tests.LoginTest - Navigated to application URL
17:57:33.298 [main] DEBUG tests.LoginTest - Clicked on My Account dropdown
17:57:34.721 [main] DEBUG tests.LoginTest - Clicked on login option
17:57:34.903 [main] DEBUG tests.LoginTest - Email addressed got entered
17:57:35.042 [main] DEBUG tests.LoginTest - Password got entered
17:57:35.808 [main] DEBUG tests.LoginTest - Clicked on Login Button
17:57:35.894 [main] DEBUG tests.LoginTest - User got logged in
17:57:35.897 [main] INFO  tests.LoginTest - Login Test got passed
17:57:36.056 [main] DEBUG tests.LoginTest - Browser got closed
17:57:38.768 [main] DEBUG tests.LoginTest - Browser got launched
17:57:45.557 [main] DEBUG tests.LoginTest - Navigated to application URL
17:57:45.658 [main] DEBUG tests.LoginTest - Clicked on My Account dropdown
17:57:46.872 [main] DEBUG tests.LoginTest - Clicked on login option
17:57:47.024 [main] DEBUG tests.LoginTest - Email addressed got entered
17:57:47.162 [main] DEBUG tests.LoginTest - Password got entered
17:57:47.992 [main] DEBUG tests.LoginTest - Clicked on Login Button
17:57:58.029 [main] DEBUG tests.LoginTest - User didn't log in
17:57:58.030 [main] INFO  tests.LoginTest - Login Test got passed
17:57:58.187 [main] DEBUG tests.LoginTest - Browser got closed
11:46:02.841 [main] DEBUG tests.LoginTest - Browser got launched
11:46:07.112 [main] DEBUG tests.LoginTest - Navigated to application URL
11:46:07.281 [main] DEBUG tests.LoginTest - Clicked on My Account dropdown
11:46:08.103 [main] DEBUG tests.LoginTest - Clicked on login option
11:46:08.334 [main] DEBUG tests.LoginTest - Email addressed got entered
11:46:08.508 [main] DEBUG tests.LoginTest - Password got entered
11:46:09.152 [main] DEBUG tests.LoginTest - Clicked on Login Button
11:46:09.444 [main] DEBUG tests.LoginTest - User got logged in
11:46:09.446 [main] INFO  tests.LoginTest - Login Test got passed
11:46:09.615 [main] DEBUG tests.LoginTest - Browser got closed
11:46:11.988 [main] DEBUG tests.LoginTest - Browser got launched
11:46:17.025 [main] DEBUG tests.LoginTest - Navigated to application URL
11:46:17.139 [main] DEBUG tests.LoginTest - Clicked on My Account dropdown
11:46:18.291 [main] DEBUG tests.LoginTest - Clicked on login option
11:46:18.443 [main] DEBUG tests.LoginTest - Email addressed got entered
11:46:18.595 [main] DEBUG tests.LoginTest - Password got entered
11:46:19.045 [main] DEBUG tests.LoginTest - Clicked on Login Button
11:46:29.211 [main] DEBUG tests.LoginTest - User didn't log in
11:46:29.211 [main] INFO  tests.LoginTest - Login Test got passed
11:46:29.540 [main] DEBUG tests.LoginTest - Browser got closed
11:51:27.904 [TestNG-tests-4] DEBUG tests.LoginTest - Browser got launched
11:51:45.097 [TestNG-tests-4] DEBUG tests.LoginTest - Navigated to application URL
11:51:45.263 [TestNG-tests-4] DEBUG tests.LoginTest - Clicked on My Account dropdown
11:51:46.890 [TestNG-tests-4] DEBUG tests.LoginTest - Clicked on login option
11:51:47.425 [TestNG-tests-4] DEBUG tests.LoginTest - Email addressed got entered
11:51:47.665 [TestNG-tests-4] DEBUG tests.LoginTest - Password got entered
11:51:48.849 [TestNG-tests-4] DEBUG tests.LoginTest - Clicked on Login Button
11:51:48.961 [TestNG-tests-4] DEBUG tests.LoginTest - User got logged in
11:51:48.963 [TestNG-tests-4] INFO  tests.LoginTest - Login Test got passed
11:51:49.375 [TestNG-tests-4] DEBUG tests.LoginTest - Browser got closed
11:51:53.442 [TestNG-tests-4] DEBUG tests.LoginTest - Browser got launched
11:51:58.910 [TestNG-tests-4] DEBUG tests.LoginTest - Navigated to application URL
11:51:59.019 [TestNG-tests-4] DEBUG tests.LoginTest - Clicked on My Account dropdown
11:52:00.017 [TestNG-tests-4] DEBUG tests.LoginTest - Clicked on login option
11:52:00.170 [TestNG-tests-4] DEBUG tests.LoginTest - Email addressed got entered
11:52:00.335 [TestNG-tests-4] DEBUG tests.LoginTest - Password got entered
11:52:00.777 [TestNG-tests-4] DEBUG tests.LoginTest - Clicked on Login Button
11:52:10.819 [TestNG-tests-4] DEBUG tests.LoginTest - User didn't log in
11:52:10.819 [TestNG-tests-4] INFO  tests.LoginTest - Login Test got passed
11:52:11.023 [TestNG-tests-4] DEBUG tests.LoginTest - Browser got closed
11:54:19.795 [TestNG-tests-4] DEBUG tests.LoginTest - Browser got launched
11:54:35.137 [TestNG-tests-4] DEBUG tests.LoginTest - Navigated to application URL
11:54:35.265 [TestNG-tests-4] DEBUG tests.LoginTest - Clicked on My Account dropdown
11:54:36.183 [TestNG-tests-4] DEBUG tests.LoginTest - Clicked on login option
11:54:36.422 [TestNG-tests-4] DEBUG tests.LoginTest - Email addressed got entered
11:54:36.589 [TestNG-tests-4] DEBUG tests.LoginTest - Password got entered
11:54:37.345 [TestNG-tests-4] DEBUG tests.LoginTest - Clicked on Login Button
11:54:37.468 [TestNG-tests-4] DEBUG tests.LoginTest - User got logged in
11:54:37.472 [TestNG-tests-4] INFO  tests.LoginTest - Login Test got passed
11:54:37.803 [TestNG-tests-4] DEBUG tests.LoginTest - Browser got closed
11:54:40.501 [TestNG-tests-4] DEBUG tests.LoginTest - Browser got launched
11:54:44.224 [TestNG-tests-4] DEBUG tests.LoginTest - Navigated to application URL
11:54:44.328 [TestNG-tests-4] DEBUG tests.LoginTest - Clicked on My Account dropdown
11:54:45.086 [TestNG-tests-4] DEBUG tests.LoginTest - Clicked on login option
11:54:45.198 [TestNG-tests-4] DEBUG tests.LoginTest - Email addressed got entered
11:54:45.323 [TestNG-tests-4] DEBUG tests.LoginTest - Password got entered
11:54:45.766 [TestNG-tests-4] DEBUG tests.LoginTest - Clicked on Login Button
11:54:55.823 [TestNG-tests-4] DEBUG tests.LoginTest - User didn't log in
11:54:55.823 [TestNG-tests-4] INFO  tests.LoginTest - Login Test got passed
11:54:55.938 [TestNG-tests-4] DEBUG tests.LoginTest - Browser got closed
11:59:47.919 [TestNG-tests-4] DEBUG tests.LoginTest - Browser got launched
12:00:01.164 [TestNG-tests-4] DEBUG tests.LoginTest - Navigated to application URL
12:00:01.390 [TestNG-tests-4] DEBUG tests.LoginTest - Clicked on My Account dropdown
12:00:02.938 [TestNG-tests-4] DEBUG tests.LoginTest - Clicked on login option
12:00:03.138 [TestNG-tests-4] DEBUG tests.LoginTest - Email addressed got entered
12:00:03.306 [TestNG-tests-4] DEBUG tests.LoginTest - Password got entered
12:00:04.091 [TestNG-tests-4] DEBUG tests.LoginTest - Clicked on Login Button
12:00:04.214 [TestNG-tests-4] DEBUG tests.LoginTest - User got logged in
12:00:04.218 [TestNG-tests-4] INFO  tests.LoginTest - Login Test got passed
12:00:04.557 [TestNG-tests-4] DEBUG tests.LoginTest - Browser got closed
12:00:06.994 [TestNG-tests-4] DEBUG tests.LoginTest - Browser got launched
12:00:11.250 [TestNG-tests-4] DEBUG tests.LoginTest - Navigated to application URL
12:00:11.356 [TestNG-tests-4] DEBUG tests.LoginTest - Clicked on My Account dropdown
12:00:11.971 [TestNG-tests-4] DEBUG tests.LoginTest - Clicked on login option
12:00:12.117 [TestNG-tests-4] DEBUG tests.LoginTest - Email addressed got entered
12:00:12.250 [TestNG-tests-4] DEBUG tests.LoginTest - Password got entered
12:00:12.613 [TestNG-tests-4] DEBUG tests.LoginTest - Clicked on Login Button
12:00:22.681 [TestNG-tests-4] DEBUG tests.LoginTest - User didn't log in
12:00:22.681 [TestNG-tests-4] INFO  tests.LoginTest - Login Test got passed
12:00:22.845 [TestNG-tests-4] DEBUG tests.LoginTest - Browser got closed
13:25:39.573 [TestNG-tests-1] DEBUG tests.LoginTest - Browser got launched
13:26:02.360 [TestNG-tests-1] DEBUG tests.LoginTest - Navigated to application URL
13:26:02.508 [TestNG-tests-1] DEBUG tests.LoginTest - Clicked on My Account dropdown
13:26:03.758 [TestNG-tests-1] DEBUG tests.LoginTest - Clicked on login option
13:26:04.002 [TestNG-tests-1] DEBUG tests.LoginTest - Email addressed got entered
13:26:04.176 [TestNG-tests-1] DEBUG tests.LoginTest - Password got entered
13:26:04.935 [TestNG-tests-1] DEBUG tests.LoginTest - Clicked on Login Button
13:26:05.065 [TestNG-tests-1] DEBUG tests.LoginTest - User got logged in
13:26:05.067 [TestNG-tests-1] INFO  tests.LoginTest - Login Test got passed
13:26:10.381 [TestNG-tests-1] DEBUG tests.LoginTest - Browser got closed
13:26:14.082 [TestNG-tests-1] DEBUG tests.LoginTest - Browser got launched
13:26:19.736 [TestNG-tests-1] DEBUG tests.LoginTest - Navigated to application URL
13:26:19.825 [TestNG-tests-1] DEBUG tests.LoginTest - Clicked on My Account dropdown
13:26:20.497 [TestNG-tests-1] DEBUG tests.LoginTest - Clicked on login option
13:26:20.654 [TestNG-tests-1] DEBUG tests.LoginTest - Email addressed got entered
13:26:20.827 [TestNG-tests-1] DEBUG tests.LoginTest - Password got entered
13:26:21.514 [TestNG-tests-1] DEBUG tests.LoginTest - Clicked on Login Button
13:26:31.564 [TestNG-tests-1] DEBUG tests.LoginTest - User didn't log in
13:26:31.564 [TestNG-tests-1] INFO  tests.LoginTest - Login Test got passed
13:26:31.826 [TestNG-tests-1] DEBUG tests.LoginTest - Browser got closed
13:28:57.630 [TestNG-tests-1] DEBUG tests.LoginTest - Browser got launched
13:29:14.595 [TestNG-tests-1] DEBUG tests.LoginTest - Navigated to application URL
13:29:14.744 [TestNG-tests-1] DEBUG tests.LoginTest - Clicked on My Account dropdown
13:29:16.322 [TestNG-tests-1] DEBUG tests.LoginTest - Clicked on login option
13:29:16.454 [TestNG-tests-1] DEBUG tests.LoginTest - Email addressed got entered
13:29:16.572 [TestNG-tests-1] DEBUG tests.LoginTest - Password got entered
13:29:17.616 [TestNG-tests-1] DEBUG tests.LoginTest - Clicked on Login Button
13:29:17.695 [TestNG-tests-1] DEBUG tests.LoginTest - User got logged in
13:29:17.695 [TestNG-tests-1] INFO  tests.LoginTest - Login Test got passed
13:29:18.057 [TestNG-tests-1] DEBUG tests.LoginTest - Browser got closed
13:29:21.610 [TestNG-tests-1] DEBUG tests.LoginTest - Browser got launched
13:29:26.630 [TestNG-tests-1] DEBUG tests.LoginTest - Navigated to application URL
